[20:20:19] [main/INFO] (Launcher) ModLauncher running: args [--launchTarget, forgeclientuserdev, --version, 21.0.42-beta, --assetIndex, 1.21-17, --assetsDir, C:\Users\Kevin Burns\.gradle\caches\fabric-loom\assets, --gameDir, ., --fml.neoForgeVersion, 21.0.42-beta, --fml.fmlVersion, 4.0.6, --fml.mcVersion, 1.21, --fml.neoFormVersion, 20240613.152323]
[20:20:19] [main/INFO] (Launcher) JVM identified as Oracle Corporation Java HotSpot(TM) 64-Bit Server VM 21.0.4+8-LTS-274
[20:20:19] [main/INFO] (Launcher) ModLauncher 11.0.3+main.0f24dec3 starting: java version 21.0.4 by Oracle Corporation; OS Windows 11 arch amd64 version 10.0
[20:20:19] [main/WARN] (FMLConfig) Configuration file D:\Coding\Legacy Tweaks\neoforge\run\config\fml.toml is not correct. Correcting
[20:20:19] [main/INFO] (FMLConfig) Incorrect key [disableConfigWatcher] was corrected from null to false
[20:20:19] [main/INFO] (FMLConfig) Incorrect key [earlyWindowSkipGLVersions] was corrected from null to []
[20:20:19] [main/INFO] (FMLConfig) Incorrect key [earlyWindowSquir] was corrected from null to false
[20:20:19] [main/INFO] (ImmediateWindowHandler) Loading ImmediateWindowProvider fmlearlywindow
[20:20:19] [main/INFO] (EARLYDISPLAY) Trying GL version 4.6
[20:20:20] [main/INFO] (EARLYDISPLAY) Requested GL version 4.6 got version 4.6
[20:20:20] [main/INFO] (mixin) SpongePowered MIXIN Subsystem Version=0.8.5 Source=union:/C:/Users/Kevin%20Burns/.gradle/caches/modules-2/files-2.1/net.fabricmc/sponge-mixin/0.13.4+mixin.0.8.5/8adf0cff1795a169141b9e16ad7b9f6e2527a990/sponge-mixin-0.13.4+mixin.0.8.5.jar%23123!/ Service=ModLauncher Env=CLIENT
[20:20:20] [main/INFO] (ModDiscoverer) Found mod file "neoforge-21.0.42-beta-minecraft-merged-1.21-loom.mappings.1_21.layered+hash.426444933-v2-neoforge-21.0.42-beta.jar" [locator: neoforge devenv provider ([C:\Users\Kevin Burns\.gradle\caches\fabric-loom\minecraftMaven\net\minecraft\neoforge-21.0.42-beta-minecraft-merged\1.21-loom.mappings.1_21.layered+hash.426444933-v2-neoforge-21.0.42-beta\neoforge-21.0.42-beta-minecraft-merged-1.21-loom.mappings.1_21.layered+hash.426444933-v2-neoforge-21.0.42-beta.jar])]
[20:20:20] [main/INFO] (ModDiscoverer) Found mod file "neoforge-21.0.42-beta-minecraft-merged-1.21-loom.mappings.1_21.layered+hash.426444933-v2-neoforge-21.0.42-beta.jar" [locator: neoforge devenv provider ([C:\Users\Kevin Burns\.gradle\caches\fabric-loom\minecraftMaven\net\minecraft\neoforge-21.0.42-beta-minecraft-merged\1.21-loom.mappings.1_21.layered+hash.426444933-v2-neoforge-21.0.42-beta\neoforge-21.0.42-beta-minecraft-merged-1.21-loom.mappings.1_21.layered+hash.426444933-v2-neoforge-21.0.42-beta.jar])]
[20:20:20] [main/INFO] (ModDiscoverer) Found mod file "main" [locator: userdev mods and services, reader: mod manifest]
[20:20:20] [main/INFO] (ModDiscoverer) Found mod file "neoforge-21.0.42-beta-minecraft-merged-1.21-loom.mappings.1_21.layered+hash.426444933-v2-neoforge-21.0.42-beta.jar" [locator: userdev mods and services, reader: mod manifest]
[20:20:20] [main/INFO] (ModDiscoverer) Found mod file "architectury-neoforge-13.0.2.jar" [locator: userdev mods and services, reader: mod manifest]
[20:20:20] [main/INFO] (ModDiscoverer) Found mod file "9402635319743453771.jar" [locator: userdev mods and services, reader: mod manifest]
[20:20:20] [pool-5-thread-1/INFO] (EARLYDISPLAY) GL info: NVIDIA GeForce RTX 3060/PCIe/SSE2 GL version 4.6.0 NVIDIA 560.94, NVIDIA Corporation
[20:20:20] [main/INFO] (ModDiscoverer) Found gamelibrary file "mixinextras-neoforge-0.3.5.jar" [locator: userdev mods and services, reader: mod manifest]
[20:20:20] [main/WARN] (JarSelector) Attempted to select a dependency jar for JarJar which was passed in as source: mixinextras-neoforge-0.3.5.jar. Using Mod File: C:\Users\Kevin Burns\.gradle\caches\modules-2\files-2.1\io.github.llamalad7\mixinextras-neoforge\0.3.5\ef3ffcf309dae656517b2f120189b1c9b21737dd\mixinextras-neoforge-0.3.5.jar
[20:20:20] [main/INFO] (JarInJarDependencyLocator) No dependencies to load found. Skipping!
[20:20:20] [main/INFO] (FMLServiceProvider) Loading coremod script-engine for [neoforge]
[20:20:21] [main/INFO] (mixin) Compatibility level set to JAVA_21
[20:20:21] [main/INFO] (LaunchServiceHandler) Launching target 'forgeclientuserdev' with arguments [--version, 21.0.42-beta, --gameDir, ., --assetsDir, C:\Users\Kevin Burns\.gradle\caches\fabric-loom\assets, --assetIndex, 1.21-17]
[20:20:21] [main/INFO] (unprotect) Found 8262 Minecraft classes
[20:20:21] [main/INFO] (MixinExtras|Service) Initializing MixinExtras via com.llamalad7.mixinextras.service.MixinExtrasServiceImpl(version=0.3.5).
[05Dec2024 20:20:23.093] [Datafixer Bootstrap/INFO] [com.mojang.datafixers.DataFixerBuilder/]: 229 Datafixer optimizations took 344 milliseconds
[05Dec2024 20:20:27.394] [main/WARN] [net.minecraft.server.command.CommandManager/]: Ambiguity between arguments [teleport, location] and [teleport, destination] with inputs: [0.1 -0.5 .9, 0 0 0]
[05Dec2024 20:20:27.395] [main/WARN] [net.minecraft.server.command.CommandManager/]: Ambiguity between arguments [teleport, location] and [teleport, targets] with inputs: [0.1 -0.5 .9, 0 0 0]
[05Dec2024 20:20:27.398] [main/WARN] [net.minecraft.server.command.CommandManager/]: Ambiguity between arguments [teleport, destination] and [teleport, targets] with inputs: [Player, 0123, @e, dd12be42-52a9-4a91-a8a1-11c01849e498]
[05Dec2024 20:20:27.399] [main/WARN] [net.minecraft.server.command.CommandManager/]: Ambiguity between arguments [teleport, targets] and [teleport, destination] with inputs: [Player, 0123, dd12be42-52a9-4a91-a8a1-11c01849e498]
[05Dec2024 20:20:27.399] [main/WARN] [net.minecraft.server.command.CommandManager/]: Ambiguity between arguments [teleport, targets, location] and [teleport, targets, destination] with inputs: [0.1 -0.5 .9, 0 0 0]
[05Dec2024 20:20:27.500] [Render thread/WARN] [net.minecraft.resource.DefaultResourcePackBuilder/]: Assets URL 'union:/C:/Users/Kevin%20Burns/.gradle/caches/fabric-loom/minecraftMaven/net/minecraft/neoforge-21.0.42-beta-minecraft-merged/1.21-loom.mappings.1_21.layered+hash.426444933-v2-neoforge-21.0.42-beta/neoforge-21.0.42-beta-minecraft-merged-1.21-loom.mappings.1_21.layered+hash.426444933-v2-neoforge-21.0.42-beta.jar%23192!/assets/.mcassetsroot' uses unexpected schema
[05Dec2024 20:20:27.500] [Render thread/WARN] [net.minecraft.resource.DefaultResourcePackBuilder/]: Assets URL 'union:/C:/Users/Kevin%20Burns/.gradle/caches/fabric-loom/minecraftMaven/net/minecraft/neoforge-21.0.42-beta-minecraft-merged/1.21-loom.mappings.1_21.layered+hash.426444933-v2-neoforge-21.0.42-beta/neoforge-21.0.42-beta-minecraft-merged-1.21-loom.mappings.1_21.layered+hash.426444933-v2-neoforge-21.0.42-beta.jar%23192!/data/.mcassetsroot' uses unexpected schema
[05Dec2024 20:20:27.544] [Render thread/INFO] [com.mojang.authlib.yggdrasil.YggdrasilAuthenticationService/]: Environment: Environment[sessionHost=https://sessionserver.mojang.com, servicesHost=https://api.minecraftservices.com, name=PROD]
[05Dec2024 20:20:27.551] [Render thread/INFO] [net.minecraft.client.MinecraftClient/]: Setting user: Dev
[05Dec2024 20:20:27.604] [Render thread/INFO] [net.minecraft.client.MinecraftClient/]: Backend library: LWJGL version 3.3.3+5
[05Dec2024 20:20:27.809] [modloading-worker-0/INFO] [net.neoforged.neoforge.common.NeoForgeMod/NEOFORGE-MOD]: NeoForge mod loading, version 21.0.42-beta, for MC 1.21
[05Dec2024 20:20:28.478] [Render thread/INFO] [net.neoforged.neoforge.gametest.GameTestHooks/]: Enabled Gametest Namespaces: []
[05Dec2024 20:20:28.563] [Render thread/INFO] [net.minecraft.resource.ReloadableResourceManagerImpl/]: Reloading ResourceManager: vanilla, mod_resources, mod/architectury, mod/legacy_tweaks, mod/neoforge, mod/generated_96a693f
[05Dec2024 20:20:28.614] [Worker-Main-4/INFO] [net.minecraft.client.font.UnihexFont/]: Found unifont_all_no_pua-15.1.05.hex, loading
[05Dec2024 20:20:28.627] [Render thread/WARN] [net.neoforged.neoforge.common.ModConfigSpec/CORE]: Configuration file D:\Coding\Legacy Tweaks\neoforge\run\config\neoforge-client.toml is not correct. Correcting
[05Dec2024 20:20:28.629] [Render thread/WARN] [net.neoforged.neoforge.common.ModConfigSpec/CORE]: Incorrect key client was corrected from null to its default, SimpleCommentedConfig:{}. 
[05Dec2024 20:20:28.629] [Render thread/WARN] [net.neoforged.neoforge.common.ModConfigSpec/CORE]: Incorrect key client.experimentalForgeLightPipelineEnabled was corrected from null to its default, false. 
[05Dec2024 20:20:28.629] [Render thread/WARN] [net.neoforged.neoforge.common.ModConfigSpec/CORE]: Incorrect key client.showLoadWarnings was corrected from null to its default, true. 
[05Dec2024 20:20:28.629] [Render thread/WARN] [net.neoforged.neoforge.common.ModConfigSpec/CORE]: Incorrect key client.useCombinedDepthStencilAttachment was corrected from null to its default, false. 
[05Dec2024 20:20:28.637] [Render thread/WARN] [net.neoforged.neoforge.common.ModConfigSpec/CORE]: Configuration file D:\Coding\Legacy Tweaks\neoforge\run\config\neoforge-common.toml is not correct. Correcting
[05Dec2024 20:20:28.637] [Render thread/WARN] [net.neoforged.neoforge.common.ModConfigSpec/CORE]: Incorrect key general was corrected from null to its default, SimpleCommentedConfig:{}. 
[05Dec2024 20:20:28.637] [Render thread/WARN] [net.neoforged.neoforge.common.ModConfigSpec/CORE]: Incorrect key general.logUntranslatedItemTagWarnings was corrected from null to its default, SILENCED. 
[05Dec2024 20:20:28.637] [Render thread/WARN] [net.neoforged.neoforge.common.ModConfigSpec/CORE]: Incorrect key general.logLegacyTagWarnings was corrected from null to its default, DEV_SHORT. 
[05Dec2024 20:20:28.750] [Worker-Main-7/INFO] [net.minecraft.client.font.UnihexFont/]: Found unifont_jp_patch-15.1.05.hex, loading
[05Dec2024 20:20:29.855] [Render thread/WARN] [net.minecraft.client.sound.SoundSystem/]: Missing sound for event: minecraft:item.goat_horn.play
[05Dec2024 20:20:29.856] [Render thread/WARN] [net.minecraft.client.sound.SoundSystem/]: Missing sound for event: minecraft:entity.goat.screaming.horn_break
[05Dec2024 20:20:29.903] [Render thread/INFO] [net.minecraft.client.sound.SoundEngine/]: OpenAL initialized on device OpenAL Soft on Headset Earphone (Logitech G535 Gaming Headset)
[05Dec2024 20:20:29.904] [Render thread/INFO] [net.minecraft.client.sound.SoundSystem/SOUNDS]: Sound engine started
[05Dec2024 20:20:30.023] [Render thread/INFO] [net.minecraft.client.texture.SpriteAtlasTexture/]: Created: 1024x512x4 minecraft:textures/atlas/blocks.png-atlas
[05Dec2024 20:20:30.033] [Render thread/INFO] [net.minecraft.client.texture.SpriteAtlasTexture/]: Created: 256x256x4 minecraft:textures/atlas/signs.png-atlas
[05Dec2024 20:20:30.033] [Render thread/INFO] [net.minecraft.client.texture.SpriteAtlasTexture/]: Created: 512x512x4 minecraft:textures/atlas/banner_patterns.png-atlas
[05Dec2024 20:20:30.034] [Render thread/INFO] [net.minecraft.client.texture.SpriteAtlasTexture/]: Created: 512x512x4 minecraft:textures/atlas/shield_patterns.png-atlas
[05Dec2024 20:20:30.035] [Render thread/INFO] [net.minecraft.client.texture.SpriteAtlasTexture/]: Created: 1024x1024x4 minecraft:textures/atlas/armor_trims.png-atlas
[05Dec2024 20:20:30.038] [Render thread/INFO] [net.minecraft.client.texture.SpriteAtlasTexture/]: Created: 256x256x4 minecraft:textures/atlas/chest.png-atlas
[05Dec2024 20:20:30.038] [Render thread/INFO] [net.minecraft.client.texture.SpriteAtlasTexture/]: Created: 128x64x4 minecraft:textures/atlas/decorated_pot.png-atlas
[05Dec2024 20:20:30.039] [Render thread/INFO] [net.minecraft.client.texture.SpriteAtlasTexture/]: Created: 512x256x4 minecraft:textures/atlas/beds.png-atlas
[05Dec2024 20:20:30.039] [Render thread/INFO] [net.minecraft.client.texture.SpriteAtlasTexture/]: Created: 512x256x4 minecraft:textures/atlas/shulker_boxes.png-atlas
[05Dec2024 20:20:30.224] [Render thread/INFO] [net.minecraft.client.texture.SpriteAtlasTexture/]: Created: 512x256x0 minecraft:textures/atlas/particles.png-atlas
[05Dec2024 20:20:30.226] [Render thread/INFO] [net.minecraft.client.texture.SpriteAtlasTexture/]: Created: 512x256x0 minecraft:textures/atlas/paintings.png-atlas
[05Dec2024 20:20:30.226] [Render thread/INFO] [net.minecraft.client.texture.SpriteAtlasTexture/]: Created: 256x128x0 minecraft:textures/atlas/mob_effects.png-atlas
[05Dec2024 20:20:30.226] [Render thread/INFO] [net.minecraft.client.texture.SpriteAtlasTexture/]: Created: 64x64x0 minecraft:textures/atlas/map_decorations.png-atlas
[05Dec2024 20:20:30.227] [Render thread/INFO] [net.minecraft.client.texture.SpriteAtlasTexture/]: Created: 1024x512x0 minecraft:textures/atlas/gui.png-atlas
[05Dec2024 20:20:30.250] [Render thread/WARN] [net.minecraft.client.gl.ShaderProgram/]: Shader rendertype_entity_translucent_emissive could not find sampler named Sampler2 in the specified shader program.
[05Dec2024 20:20:50.561] [Render thread/INFO] [net.minecraft.client.MinecraftClient/]: Stopping!
